<?xml version="1.0" encoding="UTF-8"?>
<coverage generated="1703411288696" clover="3.2.0">
  <project timestamp="1703411288696" name="All files">
    <metrics statements="49" coveredstatements="3" conditionals="8" coveredconditionals="1" methods="21" coveredmethods="2" elements="78" coveredelements="6" complexity="0" loc="49" ncloc="49" packages="1" files="8" classes="8"/>
    <file name="async.js" path="D:\Programs\pzn\belajar-node-js\belajar-nodejs-unit-test\src\async.js">
      <metrics statements="9" coveredstatements="0" conditionals="2" coveredconditionals="0" methods="4" coveredmethods="0"/>
      <line num="1" count="0" type="stmt"/>
      <line num="2" count="0" type="stmt"/>
      <line num="3" count="0" type="stmt"/>
      <line num="4" count="0" type="cond" truecount="0" falsecount="2"/>
      <line num="5" count="0" type="stmt"/>
      <line num="7" count="0" type="stmt"/>
      <line num="13" count="0" type="stmt"/>
      <line num="14" count="0" type="stmt"/>
      <line num="15" count="0" type="stmt"/>
    </file>
    <file name="database.js" path="D:\Programs\pzn\belajar-node-js\belajar-nodejs-unit-test\src\database.js">
      <metrics statements="4" coveredstatements="0" conditionals="0" coveredconditionals="0" methods="2" coveredmethods="0"/>
      <line num="1" count="0" type="stmt"/>
      <line num="3" count="0" type="stmt"/>
      <line num="6" count="0" type="stmt"/>
      <line num="8" count="0" type="stmt"/>
    </file>
    <file name="exception.js" path="D:\Programs\pzn\belajar-node-js\belajar-nodejs-unit-test\src\exception.js">
      <metrics statements="4" coveredstatements="0" conditionals="2" coveredconditionals="0" methods="1" coveredmethods="0"/>
      <line num="5" count="0" type="stmt"/>
      <line num="6" count="0" type="cond" truecount="0" falsecount="2"/>
      <line num="7" count="0" type="stmt"/>
      <line num="9" count="0" type="stmt"/>
    </file>
    <file name="product-service.js" path="D:\Programs\pzn\belajar-node-js\belajar-nodejs-unit-test\src\product-service.js">
      <metrics statements="2" coveredstatements="0" conditionals="0" coveredconditionals="0" methods="2" coveredmethods="0"/>
      <line num="6" count="0" type="stmt"/>
      <line num="10" count="0" type="stmt"/>
    </file>
    <file name="sayHello.js" path="D:\Programs\pzn\belajar-node-js\belajar-nodejs-unit-test\src\sayHello.js">
      <metrics statements="4" coveredstatements="0" conditionals="2" coveredconditionals="0" methods="1" coveredmethods="0"/>
      <line num="1" count="0" type="stmt"/>
      <line num="2" count="0" type="cond" truecount="0" falsecount="2"/>
      <line num="3" count="0" type="stmt"/>
      <line num="5" count="0" type="stmt"/>
    </file>
    <file name="sum.js" path="D:\Programs\pzn\belajar-node-js\belajar-nodejs-unit-test\src\sum.js">
      <metrics statements="17" coveredstatements="0" conditionals="0" coveredconditionals="0" methods="4" coveredmethods="0"/>
      <line num="1" count="0" type="stmt"/>
      <line num="2" count="0" type="stmt"/>
      <line num="5" count="0" type="stmt"/>
      <line num="6" count="0" type="stmt"/>
      <line num="8" count="0" type="stmt"/>
      <line num="9" count="0" type="stmt"/>
      <line num="12" count="0" type="stmt"/>
      <line num="15" count="0" type="stmt"/>
      <line num="16" count="0" type="stmt"/>
      <line num="17" count="0" type="stmt"/>
      <line num="18" count="0" type="stmt"/>
      <line num="20" count="0" type="stmt"/>
      <line num="23" count="0" type="stmt"/>
      <line num="24" count="0" type="stmt"/>
      <line num="25" count="0" type="stmt"/>
      <line num="26" count="0" type="stmt"/>
      <line num="28" count="0" type="stmt"/>
    </file>
    <file name="user-repository.js" path="D:\Programs\pzn\belajar-node-js\belajar-nodejs-unit-test\src\user-repository.js">
      <metrics statements="3" coveredstatements="0" conditionals="0" coveredconditionals="0" methods="3" coveredmethods="0"/>
      <line num="4" count="0" type="stmt"/>
      <line num="8" count="0" type="stmt"/>
      <line num="12" count="0" type="stmt"/>
    </file>
    <file name="user-service.js" path="D:\Programs\pzn\belajar-node-js\belajar-nodejs-unit-test\src\user-service.js">
      <metrics statements="6" coveredstatements="3" conditionals="2" coveredconditionals="1" methods="4" coveredmethods="2"/>
      <line num="6" count="1" type="cond" truecount="1" falsecount="1"/>
      <line num="7" count="1" type="stmt"/>
      <line num="9" count="0" type="stmt"/>
      <line num="14" count="0" type="stmt"/>
      <line num="18" count="1" type="stmt"/>
      <line num="22" count="0" type="stmt"/>
    </file>
  </project>
</coverage>
